<?xml version="1.0" encoding="UTF-8"?>
<testsuite name="ac.kr.jejunu.user.UserDaoTests" tests="4" skipped="0" failures="0" errors="0" timestamp="2022-04-21T12:56:00" hostname="DESKTOP-I0RAN8D" time="0.398">
  <properties/>
  <testcase name="insert()" classname="ac.kr.jejunu.user.UserDaoTests" time="0.312"/>
  <testcase name="get()" classname="ac.kr.jejunu.user.UserDaoTests" time="0.021"/>
  <testcase name="Hallaget()" classname="ac.kr.jejunu.user.UserDaoTests" time="0.019"/>
  <testcase name="Halaainsert()" classname="ac.kr.jejunu.user.UserDaoTests" time="0.045"/>
  <system-out><![CDATA[]]></system-out>
  <system-err><![CDATA[]]></system-err>
</testsuite>
