<?xml version="1.0" encoding="UTF-8"?>
<testsuite name="ac.kr.jejunu.user.UserDaoTests" tests="1" skipped="0" failures="0" errors="0" timestamp="2022-04-21T10:21:38" hostname="DESKTOP-I0RAN8D" time="0.273">
  <properties/>
  <testcase name="get()" classname="ac.kr.jejunu.user.UserDaoTests" time="0.273"/>
  <system-out><![CDATA[]]></system-out>
  <system-err><![CDATA[]]></system-err>
</testsuite>
