<?xml version="1.0" encoding="UTF-8"?>
<testsuite name="ac.kr.jejunu.user.UserDaoTests" tests="2" skipped="0" failures="0" errors="0" timestamp="2022-04-21T19:09:36" hostname="DESKTOP-I0RAN8D" time="0.354">
  <properties/>
  <testcase name="insert()" classname="ac.kr.jejunu.user.UserDaoTests" time="0.331"/>
  <testcase name="get()" classname="ac.kr.jejunu.user.UserDaoTests" time="0.022"/>
  <system-out><![CDATA[]]></system-out>
  <system-err><![CDATA[]]></system-err>
</testsuite>
