<?xml version="1.0" encoding="UTF-8"?>
<testsuite name="ac.kr.jejunu.user.UserDaoTests" tests="4" skipped="0" failures="0" errors="0" timestamp="2022-04-21T13:55:02" hostname="DESKTOP-I0RAN8D" time="0.399">
  <properties/>
  <testcase name="Hallainsert()" classname="ac.kr.jejunu.user.UserDaoTests" time="0.314"/>
  <testcase name="insert()" classname="ac.kr.jejunu.user.UserDaoTests" time="0.043"/>
  <testcase name="get()" classname="ac.kr.jejunu.user.UserDaoTests" time="0.017"/>
  <testcase name="Hallaget()" classname="ac.kr.jejunu.user.UserDaoTests" time="0.022"/>
  <system-out><![CDATA[]]></system-out>
  <system-err><![CDATA[]]></system-err>
</testsuite>
