<?xml version="1.0" encoding="UTF-8"?>
<testsuite name="ac.kr.jejunu.user.UserDaoTests" tests="4" skipped="0" failures="0" errors="0" timestamp="2022-04-22T05:27:44" hostname="DESKTOP-I0RAN8D" time="0.457">
  <properties/>
  <testcase name="delete()" classname="ac.kr.jejunu.user.UserDaoTests" time="0.328"/>
  <testcase name="insert()" classname="ac.kr.jejunu.user.UserDaoTests" time="0.05"/>
  <testcase name="update()" classname="ac.kr.jejunu.user.UserDaoTests" time="0.06"/>
  <testcase name="get()" classname="ac.kr.jejunu.user.UserDaoTests" time="0.018"/>
  <system-out><![CDATA[]]></system-out>
  <system-err><![CDATA[]]></system-err>
</testsuite>
